-- Configuring done
-- Generating done
-- Build files have been written to: /home/m11202122/random_under_sampling/build
[100%] Built target main
-- Configuring done
-- Generating done
-- Build files have been written to: /home/m11202122/comparing_algorithms/random_under_sampling/build
[100%] Built target main
-- Configuring done
-- Generating done
-- Build files have been written to: /home/m11202122/comparing_algorithms/random_under_sampling/build
Scanning dependencies of target main
[ 16%] Building CXX object CMakeFiles/main.dir/home/m11202122/src/decision_tree_classifier.cpp.o
[ 33%] Building CXX object CMakeFiles/main.dir/src/main.cpp.o
[ 50%] Linking CXX executable main
[100%] Built target main
-- Configuring done
-- Generating done
-- Build files have been written to: /home/m11202122/comparing_algorithms/random_under_sampling/build
Scanning dependencies of target main
[ 16%] Building CXX object CMakeFiles/main.dir/src/random_under_sampling.cpp.o
[ 33%] Linking CXX executable main
[100%] Built target main
-- Configuring done
-- Generating done
-- Build files have been written to: /home/m11202122/comparing_algorithms/random_under_sampling/build
Scanning dependencies of target main
[ 16%] Building CXX object CMakeFiles/main.dir/src/random_under_sampling.cpp.o
[ 33%] Linking CXX executable main
[100%] Built target main
-- Configuring done
-- Generating done
-- Build files have been written to: /home/m11202122/comparing_algorithms/random_under_sampling/build
Scanning dependencies of target main
[ 16%] Building CXX object CMakeFiles/main.dir/home/m11202122/src/validation.cpp.o
[ 33%] Building CXX object CMakeFiles/main.dir/src/main.cpp.o
[ 50%] Linking CXX executable main
[100%] Built target main
