-- Configuring done
-- Generating done
-- Build files have been written to: /home/m11202122/edited_nearest_neighbors/build
[100%] Built target main
-- Configuring done
-- Generating done
-- Build files have been written to: /home/m11202122/edited_nearest_neighbors/build
[100%] Built target main
-- Configuring done
-- Generating done
-- Build files have been written to: /home/m11202122/comparing_algorithms/edited_nearest_neighbors/build
[100%] Built target main
-- Configuring done
-- Generating done
-- Build files have been written to: /home/m11202122/comparing_algorithms/edited_nearest_neighbors/build
[100%] Built target main
-- Configuring done
-- Generating done
-- Build files have been written to: /home/m11202122/comparing_algorithms/edited_nearest_neighbors/build
[100%] Built target main
